<?xml version="1.0" encoding="UTF-8"?>
<!-- Generated by org.testng.reporters.JUnitXMLReporter -->
<testsuite ignored="0" hostname="LAPTOP-A6BMCD3L" failures="0" tests="3" name="Command line test" time="0.048" errors="0" timestamp="2025-06-11T23:27:10 IST">
  <testcase classname="tests.LoginPageTest" name="@BeforeMethod browserLaunchForEachTest" time="-1.74966463041E9">
    <failure type="org.testng.TestNGException" message="
Parameter &amp;apos;browser&amp;apos; is required by BeforeMethod on method browserLaunchForEachTest but has not been marked @Optional or defined
">
      <![CDATA[org.testng.TestNGException: 
Parameter 'browser' is required by BeforeMethod on method browserLaunchForEachTest but has not been marked @Optional or defined

at java.base/java.util.ArrayList.forEach(ArrayList.java:1511)
... Removed 37 stack frames]]>
    </failure>
  </testcase> <!-- @BeforeMethod browserLaunchForEachTest -->
  <testcase classname="tests.LoginPageTest" name="@AfterMethod closeBrowser" time="0.0">
    <skipped/>
  </testcase> <!-- @AfterMethod closeBrowser -->
  <testcase classname="tests.LoginPageTest" name="@BeforeMethod browserLaunchForEachTest" time="0.0">
    <skipped/>
  </testcase> <!-- @BeforeMethod browserLaunchForEachTest -->
  <testcase classname="tests.LoginPageTest" name="@AfterMethod closeBrowser" time="0.0">
    <skipped/>
  </testcase> <!-- @AfterMethod closeBrowser -->
  <testcase classname="tests.LoginPageTest" name="@BeforeMethod browserLaunchForEachTest" time="0.0">
    <skipped/>
  </testcase> <!-- @BeforeMethod browserLaunchForEachTest -->
  <testcase classname="tests.LoginPageTest" name="@AfterMethod closeBrowser" time="0.0">
    <skipped/>
  </testcase> <!-- @AfterMethod closeBrowser -->
  <testcase classname="tests.LoginPageTest" name="checkDashboardUrl" time="0.0">
    <skipped/>
  </testcase> <!-- checkDashboardUrl -->
  <testcase classname="tests.LoginPageTest" name="verifyPageHeading" time="0.0">
    <skipped/>
  </testcase> <!-- verifyPageHeading -->
  <testcase classname="tests.LoginPageTest" name="verifyTitle" time="0.0">
    <skipped/>
  </testcase> <!-- verifyTitle -->
</testsuite> <!-- Command line test -->
